<?xml version="1.0" encoding="UTF-8"?>
<testsuite name="com.guestbook.GuestbookService.GuestBookServiceTest" tests="2" skipped="0" failures="0" errors="0" timestamp="2021-02-09T18:06:42" hostname="LAPTOP-S57OD5Q8" time="0.332">
  <properties/>
  <testcase name="viewEntries()" classname="com.guestbook.GuestbookService.GuestBookServiceTest" time="0.318"/>
  <testcase name="addEntry()" classname="com.guestbook.GuestbookService.GuestBookServiceTest" time="0.009"/>
  <system-out><![CDATA[]]></system-out>
  <system-err><![CDATA[]]></system-err>
</testsuite>
